INFO:__main__:Successfully updated summary for Jakob Ingebrigtsen
INFO:__main__:Successfully updated summary for Karsten Warholm
INFO:__main__:Successfully updated summary for Lamecha Girma
INFO:__main__:Successfully updated summary for Kelvin Kiptum
INFO:__main__:Successfully updated summary for Letsile Tebogo
INFO:__main__:Successfully updated summary for Kyron Mcmaster
INFO:__main__:Successfully updated summary for Faith Kipyegon
INFO:__main__:Successfully updated summary for Shericka Jackson
INFO:__main__:Successfully updated summary for Femke Bol
INFO:__main__:Model failed on api call # 0
INFO:__main__:Successfully updated summary for Gudaf Tsegay
Content has no parts.
INFO:__main__:Successfully updated summary for Sifan Hassan
INFO:__main__:Successfully updated summary for Sage Hurta-klecker
INFO:__main__:Successfully updated summary for Donavan Brazier
INFO:__main__:Successfully updated summary for Elise Cranny
INFO:__main__:Successfully updated summary for Athing Mu
INFO:__main__:Successfully updated summary for Keely Hodgkinson
INFO:__main__:Successfully updated summary for Shelly-Ann Fraser-pryce
INFO:__main__:Successfully updated summary for Sinclaire Johnson
INFO:__main__:Successfully updated summary for Anna Hall
INFO:__main__:Successfully updated summary for Yaroslava Mahuchikh
INFO:__main__:Successfully updated summary for Yulimar Rojas
INFO:__main__:Successfully updated summary for Marileidy Paulino
INFO:__main__:Successfully updated summary for Beatrice Chepkoech
INFO:__main__:Successfully updated summary for Jasmine Camacho-quinn
INFO:__main__:Successfully updated summary for Nicola Olyslagers
INFO:__main__:Successfully updated summary for Valarie Allman
INFO:__main__:Successfully updated summary for Diribe Welteji
INFO:__main__:Successfully updated summary for Ruth Chepngetich
INFO:__main__:Successfully updated summary for Chase Ealey
INFO:__main__:Successfully updated summary for Mary Moraa
INFO:__main__:Successfully updated summary for Shamier Little
INFO:__main__:Successfully updated summary for Natalia Kaczmarek
INFO:__main__:Successfully updated summary for Ivana Vuleta
INFO:__main__:Model failed on api call # 0
INFO:__main__:Successfully updated summary for Tobi Amusan
INFO:__main__:Successfully updated summary for Haruka Kitaguchi
INFO:__main__:Successfully updated summary for Kendra Harrison
INFO:__main__:Successfully updated summary for Laura Muir
INFO:__main__:Successfully updated summary for Rushell Clayton
INFO:__main__:Successfully updated summary for Faith Cherotich
INFO:__main__:Successfully updated summary for Danielle Williams
Content has no parts.
INFO:__main__:Successfully updated summary for Camryn Rogers
INFO:__main__:Successfully updated summary for Sarah Mitton
INFO:__main__:Successfully updated summary for Julien Alfred
INFO:__main__:Successfully updated summary for Ejgayehu Taye
INFO:__main__:Successfully updated summary for Gabrielle Thomas
INFO:__main__:Successfully updated summary for Letesenbet Gidey
INFO:__main__:Model failed on api call # 0
INFO:__main__:Successfully updated summary for Freweyni Hailu
INFO:__main__:Successfully updated summary for Shanieka Ricketts
INFO:__main__:Successfully updated summary for Jackline Chepkoech
INFO:__main__:Successfully updated summary for Maryna Bekh-romanchuk
Content has no parts.
INFO:__main__:Successfully updated summary for Anthonique Strachan
INFO:__main__:Successfully updated summary for Sembo Almayew
INFO:__main__:Successfully updated summary for Ciara Mageean
INFO:__main__:Successfully updated summary for Zerfe Wondemagegn
INFO:__main__:Successfully updated summary for Daryll Neita
INFO:__main__:Successfully updated summary for Lilian Kasait Rengeruk
INFO:__main__:Successfully updated summary for Tina Šutej
INFO:__main__:Successfully updated summary for Sandra Perković
INFO:__main__:Successfully updated summary for Dina Asher-smith
INFO:__main__:Successfully updated summary for Katarina Johnson-thompson
INFO:__main__:Successfully updated summary for Auriol Dongmo
INFO:__main__:Successfully updated summary for Nia Ali
INFO:__main__:Successfully updated summary for Yalemzerf Yehualaw
INFO:__main__:Successfully updated summary for Janieve Russell
INFO:__main__:Successfully updated summary for Medina Eisa
INFO:__main__:Successfully updated summary for Sheila Chepkirui
INFO:__main__:Model failed on api call # 0
INFO:__main__:Successfully updated summary for Megertu Alemu
INFO:__main__:Successfully updated summary for Larissa Iapichino
INFO:__main__:Successfully updated summary for Laulauga Tausaga
INFO:__main__:Successfully updated summary for Jessica Hull
Content has no parts.
INFO:__main__:Successfully updated summary for Alaysha Johnson
INFO:__main__:Model failed on api call # 0
INFO:__main__:Successfully updated summary for Margaret Chelimo Kipkemboi
INFO:__main__:Successfully updated summary for Birke Haylom
INFO:__main__:Successfully updated summary for Alicia Monson
INFO:__main__:Successfully updated summary for Iryna Gerashchenko
INFO:__main__:Successfully updated summary for Janee' Kassanavoid
INFO:__main__:Successfully updated summary for Anouk Vetter
INFO:__main__:Successfully updated summary for Devynne Charlton
INFO:__main__:Successfully updated summary for Natoya Goule-toppin
INFO:__main__:Successfully updated summary for Maggie Ewen
Content has no parts.
INFO:__main__:Successfully updated summary for Nafissatou Thiam
INFO:__main__:Successfully updated summary for Antigoni Ntrismpioti
INFO:__main__:Successfully updated summary for Twanisha Terry
INFO:__main__:Successfully updated summary for Anna Cockrell
INFO:__main__:Successfully updated summary for Marie-Josée Ta lou
INFO:__main__:Successfully updated summary for Leyanis Pérez hernández
INFO:__main__:Successfully updated summary for Maruša Mišmaš zrimšek
INFO:__main__:Successfully updated summary for Jorinde Van klinken
INFO:__main__:Successfully updated summary for Álvaro Martín
INFO:__main__:Successfully updated summary for Hugues Fabrice Zango
INFO:__main__:Successfully updated summary for Hansle Parchment
INFO:__main__:Successfully updated summary for Zharnel Hughes
INFO:__main__:Model failed on api call # 0
WARNING:__main__:Failed to generate markdown summary for athlete with Wikipedia URL: https://en.wikipedia.org//wiki/Yomif_Kejelcha
INFO:__main__:Successfully updated summary for Emmanuel Wanyonyi
INFO:__main__:Successfully updated summary for Christian Coleman
INFO:__main__:Successfully updated summary for Pierce Lepage
INFO:__main__:Model failed on api call # 0
INFO:__main__:Successfully updated summary for Ernest John Obiena
INFO:__main__:Successfully updated summary for Mohamed Katir
INFO:__main__:Successfully updated summary for Miltiadis Tentoglou
INFO:__main__:Successfully updated summary for Neeraj Chopra
Content has no parts.
Content has no parts.
INFO:__main__:Successfully updated summary for Yomif Kejelcha
INFO:__main__:Successfully updated summary for Damian Warner
INFO:__main__:Successfully updated summary for Berihu Aregawi
INFO:__main__:Successfully updated summary for Josh Kerr
INFO:__main__:Successfully updated summary for Alison Dos santos
INFO:__main__:Successfully updated summary for Mutaz Essa Barshim
INFO:__main__:Successfully updated summary for Ferdinand Omanyala
INFO:__main__:Successfully updated summary for Shunsuke Izumiya
INFO:__main__:Successfully updated summary for Jakub Vadlejch
INFO:__main__:Successfully updated summary for Telahun Haile Bekele
INFO:__main__:Model failed on api call # 0
INFO:__main__:Model failed on api call # 1
INFO:__main__:Successfully updated summary for Selemon Barega
INFO:__main__:Successfully updated summary for Wayde Van niekerk
INFO:__main__:Successfully updated summary for Narve Gilje Nordås
INFO:__main__:Successfully updated summary for Reynold Kipkorir Cheruiyot
INFO:__main__:Successfully updated summary for Quincy Hall
INFO:__main__:Successfully updated summary for Abraham Kibiwot
INFO:__main__:Successfully updated summary for Kurtis Marschall
INFO:__main__:Successfully updated summary for Vernon Norwood
INFO:__main__:Successfully updated summary for Sam Kendricks
INFO:__main__:Successfully updated summary for Lindon Victor
Content has no parts.
Content has no parts.
INFO:__main__:Successfully updated summary for Jason Joseph
INFO:__main__:Successfully updated summary for Tamirat Tola
INFO:__main__:Successfully updated summary for Matthew Hudson-smith
INFO:__main__:Successfully updated summary for Joshua Cheptegei
INFO:__main__:Successfully updated summary for Mario García
Traceback (most recent call last):
  File "/home/ec2-user/autojobs/auto_scripts/markdown_summarizer.py", line 130, in <module>
    markdown_summary = summarize_athlete_wikipedia(wikipedia_url)
  File "/home/ec2-user/autojobs/auto_scripts/markdown_summarizer.py", line 65, in summarize_athlete_wikipedia
    wiki_text = get_wiki_profile(wiki_url)
  File "/home/ec2-user/autojobs/auto_scripts/markdown_summarizer.py", line 56, in get_wiki_profile
    resp = requests.get(url).text
  File "/home/ec2-user/.local/lib/python3.9/site-packages/requests/api.py", line 73, in get
    return request("get", url, params=params, **kwargs)
  File "/home/ec2-user/.local/lib/python3.9/site-packages/requests/api.py", line 59, in request
    return session.request(method=method, url=url, **kwargs)
  File "/home/ec2-user/.local/lib/python3.9/site-packages/requests/sessions.py", line 575, in request
    prep = self.prepare_request(req)
  File "/home/ec2-user/.local/lib/python3.9/site-packages/requests/sessions.py", line 486, in prepare_request
    p.prepare(
  File "/home/ec2-user/.local/lib/python3.9/site-packages/requests/models.py", line 368, in prepare
    self.prepare_url(url, params)
  File "/home/ec2-user/.local/lib/python3.9/site-packages/requests/models.py", line 439, in prepare_url
    raise MissingSchema(
requests.exceptions.MissingSchema: Invalid URL 'None': No scheme supplied. Perhaps you meant https://None?
Traceback (most recent call last):
  File "/home/ec2-user/autojobs/auto_scripts/markdown_summarizer.py", line 130, in <module>
    markdown_summary = summarize_athlete_wikipedia(wikipedia_url)
  File "/home/ec2-user/autojobs/auto_scripts/markdown_summarizer.py", line 65, in summarize_athlete_wikipedia
    wiki_text = get_wiki_profile(wiki_url)
  File "/home/ec2-user/autojobs/auto_scripts/markdown_summarizer.py", line 56, in get_wiki_profile
    resp = requests.get(url).text
  File "/home/ec2-user/.local/lib/python3.9/site-packages/requests/api.py", line 73, in get
    return request("get", url, params=params, **kwargs)
  File "/home/ec2-user/.local/lib/python3.9/site-packages/requests/api.py", line 59, in request
    return session.request(method=method, url=url, **kwargs)
  File "/home/ec2-user/.local/lib/python3.9/site-packages/requests/sessions.py", line 575, in request
    prep = self.prepare_request(req)
  File "/home/ec2-user/.local/lib/python3.9/site-packages/requests/sessions.py", line 486, in prepare_request
    p.prepare(
  File "/home/ec2-user/.local/lib/python3.9/site-packages/requests/models.py", line 368, in prepare
    self.prepare_url(url, params)
  File "/home/ec2-user/.local/lib/python3.9/site-packages/requests/models.py", line 439, in prepare_url
    raise MissingSchema(
requests.exceptions.MissingSchema: Invalid URL 'None': No scheme supplied. Perhaps you meant https://None?
Traceback (most recent call last):
  File "/home/ec2-user/autojobs/auto_scripts/markdown_summarizer.py", line 130, in <module>
    markdown_summary = summarize_athlete_wikipedia(wikipedia_url)
  File "/home/ec2-user/autojobs/auto_scripts/markdown_summarizer.py", line 65, in summarize_athlete_wikipedia
    wiki_text = get_wiki_profile(wiki_url)
  File "/home/ec2-user/autojobs/auto_scripts/markdown_summarizer.py", line 56, in get_wiki_profile
    resp = requests.get(url).text
  File "/home/ec2-user/.local/lib/python3.9/site-packages/requests/api.py", line 73, in get
    return request("get", url, params=params, **kwargs)
  File "/home/ec2-user/.local/lib/python3.9/site-packages/requests/api.py", line 59, in request
    return session.request(method=method, url=url, **kwargs)
  File "/home/ec2-user/.local/lib/python3.9/site-packages/requests/sessions.py", line 575, in request
    prep = self.prepare_request(req)
  File "/home/ec2-user/.local/lib/python3.9/site-packages/requests/sessions.py", line 486, in prepare_request
    p.prepare(
  File "/home/ec2-user/.local/lib/python3.9/site-packages/requests/models.py", line 368, in prepare
    self.prepare_url(url, params)
  File "/home/ec2-user/.local/lib/python3.9/site-packages/requests/models.py", line 439, in prepare_url
    raise MissingSchema(
requests.exceptions.MissingSchema: Invalid URL 'None': No scheme supplied. Perhaps you meant https://None?
Traceback (most recent call last):
  File "/home/ec2-user/autojobs/auto_scripts/markdown_summarizer.py", line 130, in <module>
    markdown_summary = summarize_athlete_wikipedia(wikipedia_url)
  File "/home/ec2-user/autojobs/auto_scripts/markdown_summarizer.py", line 65, in summarize_athlete_wikipedia
    wiki_text = get_wiki_profile(wiki_url)
  File "/home/ec2-user/autojobs/auto_scripts/markdown_summarizer.py", line 56, in get_wiki_profile
    resp = requests.get(url).text
  File "/home/ec2-user/.local/lib/python3.9/site-packages/requests/api.py", line 73, in get
    return request("get", url, params=params, **kwargs)
  File "/home/ec2-user/.local/lib/python3.9/site-packages/requests/api.py", line 59, in request
    return session.request(method=method, url=url, **kwargs)
  File "/home/ec2-user/.local/lib/python3.9/site-packages/requests/sessions.py", line 575, in request
    prep = self.prepare_request(req)
  File "/home/ec2-user/.local/lib/python3.9/site-packages/requests/sessions.py", line 486, in prepare_request
    p.prepare(
  File "/home/ec2-user/.local/lib/python3.9/site-packages/requests/models.py", line 368, in prepare
    self.prepare_url(url, params)
  File "/home/ec2-user/.local/lib/python3.9/site-packages/requests/models.py", line 439, in prepare_url
    raise MissingSchema(
requests.exceptions.MissingSchema: Invalid URL 'None': No scheme supplied. Perhaps you meant https://None?
Traceback (most recent call last):
  File "/home/ec2-user/autojobs/auto_scripts/markdown_summarizer.py", line 130, in <module>
    markdown_summary = summarize_athlete_wikipedia(wikipedia_url)
  File "/home/ec2-user/autojobs/auto_scripts/markdown_summarizer.py", line 65, in summarize_athlete_wikipedia
    wiki_text = get_wiki_profile(wiki_url)
  File "/home/ec2-user/autojobs/auto_scripts/markdown_summarizer.py", line 56, in get_wiki_profile
    resp = requests.get(url).text
  File "/home/ec2-user/.local/lib/python3.9/site-packages/requests/api.py", line 73, in get
    return request("get", url, params=params, **kwargs)
  File "/home/ec2-user/.local/lib/python3.9/site-packages/requests/api.py", line 59, in request
    return session.request(method=method, url=url, **kwargs)
  File "/home/ec2-user/.local/lib/python3.9/site-packages/requests/sessions.py", line 575, in request
    prep = self.prepare_request(req)
  File "/home/ec2-user/.local/lib/python3.9/site-packages/requests/sessions.py", line 486, in prepare_request
    p.prepare(
  File "/home/ec2-user/.local/lib/python3.9/site-packages/requests/models.py", line 368, in prepare
    self.prepare_url(url, params)
  File "/home/ec2-user/.local/lib/python3.9/site-packages/requests/models.py", line 439, in prepare_url
    raise MissingSchema(
requests.exceptions.MissingSchema: Invalid URL 'None': No scheme supplied. Perhaps you meant https://None?
Traceback (most recent call last):
  File "/home/ec2-user/autojobs/auto_scripts/markdown_summarizer.py", line 130, in <module>
    markdown_summary = summarize_athlete_wikipedia(wikipedia_url)
  File "/home/ec2-user/autojobs/auto_scripts/markdown_summarizer.py", line 65, in summarize_athlete_wikipedia
    wiki_text = get_wiki_profile(wiki_url)
  File "/home/ec2-user/autojobs/auto_scripts/markdown_summarizer.py", line 56, in get_wiki_profile
    resp = requests.get(url).text
  File "/home/ec2-user/.local/lib/python3.9/site-packages/requests/api.py", line 73, in get
    return request("get", url, params=params, **kwargs)
  File "/home/ec2-user/.local/lib/python3.9/site-packages/requests/api.py", line 59, in request
    return session.request(method=method, url=url, **kwargs)
  File "/home/ec2-user/.local/lib/python3.9/site-packages/requests/sessions.py", line 575, in request
    prep = self.prepare_request(req)
  File "/home/ec2-user/.local/lib/python3.9/site-packages/requests/sessions.py", line 486, in prepare_request
    p.prepare(
  File "/home/ec2-user/.local/lib/python3.9/site-packages/requests/models.py", line 368, in prepare
    self.prepare_url(url, params)
  File "/home/ec2-user/.local/lib/python3.9/site-packages/requests/models.py", line 439, in prepare_url
    raise MissingSchema(
requests.exceptions.MissingSchema: Invalid URL 'None': No scheme supplied. Perhaps you meant https://None?
Traceback (most recent call last):
  File "/home/ec2-user/autojobs/auto_scripts/markdown_summarizer.py", line 130, in <module>
    markdown_summary = summarize_athlete_wikipedia(wikipedia_url)
  File "/home/ec2-user/autojobs/auto_scripts/markdown_summarizer.py", line 65, in summarize_athlete_wikipedia
    wiki_text = get_wiki_profile(wiki_url)
  File "/home/ec2-user/autojobs/auto_scripts/markdown_summarizer.py", line 56, in get_wiki_profile
    resp = requests.get(url).text
  File "/home/ec2-user/.local/lib/python3.9/site-packages/requests/api.py", line 73, in get
    return request("get", url, params=params, **kwargs)
  File "/home/ec2-user/.local/lib/python3.9/site-packages/requests/api.py", line 59, in request
    return session.request(method=method, url=url, **kwargs)
  File "/home/ec2-user/.local/lib/python3.9/site-packages/requests/sessions.py", line 575, in request
    prep = self.prepare_request(req)
  File "/home/ec2-user/.local/lib/python3.9/site-packages/requests/sessions.py", line 486, in prepare_request
    p.prepare(
  File "/home/ec2-user/.local/lib/python3.9/site-packages/requests/models.py", line 368, in prepare
    self.prepare_url(url, params)
  File "/home/ec2-user/.local/lib/python3.9/site-packages/requests/models.py", line 439, in prepare_url
    raise MissingSchema(
requests.exceptions.MissingSchema: Invalid URL 'None': No scheme supplied. Perhaps you meant https://None?
Traceback (most recent call last):
  File "/home/ec2-user/autojobs/auto_scripts/markdown_summarizer.py", line 130, in <module>
    markdown_summary = summarize_athlete_wikipedia(wikipedia_url)
  File "/home/ec2-user/autojobs/auto_scripts/markdown_summarizer.py", line 65, in summarize_athlete_wikipedia
    wiki_text = get_wiki_profile(wiki_url)
  File "/home/ec2-user/autojobs/auto_scripts/markdown_summarizer.py", line 56, in get_wiki_profile
    resp = requests.get(url).text
  File "/home/ec2-user/.local/lib/python3.9/site-packages/requests/api.py", line 73, in get
    return request("get", url, params=params, **kwargs)
  File "/home/ec2-user/.local/lib/python3.9/site-packages/requests/api.py", line 59, in request
    return session.request(method=method, url=url, **kwargs)
  File "/home/ec2-user/.local/lib/python3.9/site-packages/requests/sessions.py", line 575, in request
    prep = self.prepare_request(req)
  File "/home/ec2-user/.local/lib/python3.9/site-packages/requests/sessions.py", line 486, in prepare_request
    p.prepare(
  File "/home/ec2-user/.local/lib/python3.9/site-packages/requests/models.py", line 368, in prepare
    self.prepare_url(url, params)
  File "/home/ec2-user/.local/lib/python3.9/site-packages/requests/models.py", line 439, in prepare_url
    raise MissingSchema(
requests.exceptions.MissingSchema: Invalid URL 'None': No scheme supplied. Perhaps you meant https://None?
Traceback (most recent call last):
  File "/home/ec2-user/autojobs/auto_scripts/markdown_summarizer.py", line 130, in <module>
    markdown_summary = summarize_athlete_wikipedia(wikipedia_url)
  File "/home/ec2-user/autojobs/auto_scripts/markdown_summarizer.py", line 65, in summarize_athlete_wikipedia
    wiki_text = get_wiki_profile(wiki_url)
  File "/home/ec2-user/autojobs/auto_scripts/markdown_summarizer.py", line 56, in get_wiki_profile
    resp = requests.get(url).text
  File "/home/ec2-user/.local/lib/python3.9/site-packages/requests/api.py", line 73, in get
    return request("get", url, params=params, **kwargs)
  File "/home/ec2-user/.local/lib/python3.9/site-packages/requests/api.py", line 59, in request
    return session.request(method=method, url=url, **kwargs)
  File "/home/ec2-user/.local/lib/python3.9/site-packages/requests/sessions.py", line 575, in request
    prep = self.prepare_request(req)
  File "/home/ec2-user/.local/lib/python3.9/site-packages/requests/sessions.py", line 486, in prepare_request
    p.prepare(
  File "/home/ec2-user/.local/lib/python3.9/site-packages/requests/models.py", line 368, in prepare
    self.prepare_url(url, params)
  File "/home/ec2-user/.local/lib/python3.9/site-packages/requests/models.py", line 439, in prepare_url
    raise MissingSchema(
requests.exceptions.MissingSchema: Invalid URL 'None': No scheme supplied. Perhaps you meant https://None?
Traceback (most recent call last):
  File "/home/ec2-user/autojobs/auto_scripts/markdown_summarizer.py", line 130, in <module>
    markdown_summary = summarize_athlete_wikipedia(wikipedia_url)
  File "/home/ec2-user/autojobs/auto_scripts/markdown_summarizer.py", line 65, in summarize_athlete_wikipedia
    wiki_text = get_wiki_profile(wiki_url)
  File "/home/ec2-user/autojobs/auto_scripts/markdown_summarizer.py", line 56, in get_wiki_profile
    resp = requests.get(url).text
  File "/home/ec2-user/.local/lib/python3.9/site-packages/requests/api.py", line 73, in get
    return request("get", url, params=params, **kwargs)
  File "/home/ec2-user/.local/lib/python3.9/site-packages/requests/api.py", line 59, in request
    return session.request(method=method, url=url, **kwargs)
  File "/home/ec2-user/.local/lib/python3.9/site-packages/requests/sessions.py", line 575, in request
    prep = self.prepare_request(req)
  File "/home/ec2-user/.local/lib/python3.9/site-packages/requests/sessions.py", line 486, in prepare_request
    p.prepare(
  File "/home/ec2-user/.local/lib/python3.9/site-packages/requests/models.py", line 368, in prepare
    self.prepare_url(url, params)
  File "/home/ec2-user/.local/lib/python3.9/site-packages/requests/models.py", line 439, in prepare_url
    raise MissingSchema(
requests.exceptions.MissingSchema: Invalid URL 'None': No scheme supplied. Perhaps you meant https://None?
Traceback (most recent call last):
  File "/home/ec2-user/autojobs/auto_scripts/markdown_summarizer.py", line 130, in <module>
    markdown_summary = summarize_athlete_wikipedia(wikipedia_url)
  File "/home/ec2-user/autojobs/auto_scripts/markdown_summarizer.py", line 65, in summarize_athlete_wikipedia
    wiki_text = get_wiki_profile(wiki_url)
  File "/home/ec2-user/autojobs/auto_scripts/markdown_summarizer.py", line 56, in get_wiki_profile
    resp = requests.get(url).text
  File "/home/ec2-user/.local/lib/python3.9/site-packages/requests/api.py", line 73, in get
    return request("get", url, params=params, **kwargs)
  File "/home/ec2-user/.local/lib/python3.9/site-packages/requests/api.py", line 59, in request
    return session.request(method=method, url=url, **kwargs)
  File "/home/ec2-user/.local/lib/python3.9/site-packages/requests/sessions.py", line 575, in request
    prep = self.prepare_request(req)
  File "/home/ec2-user/.local/lib/python3.9/site-packages/requests/sessions.py", line 486, in prepare_request
    p.prepare(
  File "/home/ec2-user/.local/lib/python3.9/site-packages/requests/models.py", line 368, in prepare
    self.prepare_url(url, params)
  File "/home/ec2-user/.local/lib/python3.9/site-packages/requests/models.py", line 439, in prepare_url
    raise MissingSchema(
requests.exceptions.MissingSchema: Invalid URL 'None': No scheme supplied. Perhaps you meant https://None?
Traceback (most recent call last):
  File "/home/ec2-user/autojobs/auto_scripts/markdown_summarizer.py", line 130, in <module>
    markdown_summary = summarize_athlete_wikipedia(wikipedia_url)
  File "/home/ec2-user/autojobs/auto_scripts/markdown_summarizer.py", line 65, in summarize_athlete_wikipedia
    wiki_text = get_wiki_profile(wiki_url)
  File "/home/ec2-user/autojobs/auto_scripts/markdown_summarizer.py", line 56, in get_wiki_profile
    resp = requests.get(url).text
  File "/home/ec2-user/.local/lib/python3.9/site-packages/requests/api.py", line 73, in get
    return request("get", url, params=params, **kwargs)
  File "/home/ec2-user/.local/lib/python3.9/site-packages/requests/api.py", line 59, in request
    return session.request(method=method, url=url, **kwargs)
  File "/home/ec2-user/.local/lib/python3.9/site-packages/requests/sessions.py", line 575, in request
    prep = self.prepare_request(req)
  File "/home/ec2-user/.local/lib/python3.9/site-packages/requests/sessions.py", line 486, in prepare_request
    p.prepare(
  File "/home/ec2-user/.local/lib/python3.9/site-packages/requests/models.py", line 368, in prepare
    self.prepare_url(url, params)
  File "/home/ec2-user/.local/lib/python3.9/site-packages/requests/models.py", line 439, in prepare_url
    raise MissingSchema(
requests.exceptions.MissingSchema: Invalid URL 'None': No scheme supplied. Perhaps you meant https://None?
Traceback (most recent call last):
  File "/home/ec2-user/autojobs/auto_scripts/markdown_summarizer.py", line 130, in <module>
    markdown_summary = summarize_athlete_wikipedia(wikipedia_url)
  File "/home/ec2-user/autojobs/auto_scripts/markdown_summarizer.py", line 65, in summarize_athlete_wikipedia
    wiki_text = get_wiki_profile(wiki_url)
  File "/home/ec2-user/autojobs/auto_scripts/markdown_summarizer.py", line 56, in get_wiki_profile
    resp = requests.get(url).text
  File "/home/ec2-user/.local/lib/python3.9/site-packages/requests/api.py", line 73, in get
    return request("get", url, params=params, **kwargs)
  File "/home/ec2-user/.local/lib/python3.9/site-packages/requests/api.py", line 59, in request
    return session.request(method=method, url=url, **kwargs)
  File "/home/ec2-user/.local/lib/python3.9/site-packages/requests/sessions.py", line 575, in request
    prep = self.prepare_request(req)
  File "/home/ec2-user/.local/lib/python3.9/site-packages/requests/sessions.py", line 486, in prepare_request
    p.prepare(
  File "/home/ec2-user/.local/lib/python3.9/site-packages/requests/models.py", line 368, in prepare
    self.prepare_url(url, params)
  File "/home/ec2-user/.local/lib/python3.9/site-packages/requests/models.py", line 439, in prepare_url
    raise MissingSchema(
requests.exceptions.MissingSchema: Invalid URL 'None': No scheme supplied. Perhaps you meant https://None?
INFO:__main__:Successfully updated summary for Armand Duplantis
INFO:__main__:Successfully updated summary for Noah Lyles
INFO:__main__:Successfully updated summary for Jakob Ingebrigtsen
INFO:__main__:Successfully updated summary for Karsten Warholm
INFO:__main__:Successfully updated summary for Lamecha Girma
INFO:__main__:Successfully updated summary for Kelvin Kiptum
INFO:__main__:Successfully updated summary for Letsile Tebogo
INFO:__main__:Successfully updated summary for Kyron Mcmaster
INFO:__main__:Successfully updated summary for Faith Kipyegon
INFO:__main__:Successfully updated summary for Shericka Jackson
INFO:__main__:Successfully updated summary for Femke Bol
INFO:__main__:Model failed on api call # 0
INFO:__main__:Model failed on api call # 1
INFO:__main__:Successfully updated summary for Gudaf Tsegay
INFO:__main__:Successfully updated summary for Sifan Hassan
INFO:__main__:Successfully updated summary for Sage Hurta-klecker
INFO:__main__:Successfully updated summary for Donavan Brazier
INFO:__main__:Successfully updated summary for Elise Cranny
INFO:__main__:Successfully updated summary for Athing Mu
INFO:__main__:Successfully updated summary for Keely Hodgkinson
INFO:__main__:Successfully updated summary for Shelly-Ann Fraser-pryce
INFO:__main__:Successfully updated summary for Sinclaire Johnson
Content has no parts.
Content has no parts.
INFO:__main__:Successfully updated summary for Anna Hall
INFO:__main__:Successfully updated summary for Yaroslava Mahuchikh
INFO:__main__:Successfully updated summary for Yulimar Rojas
INFO:__main__:Successfully updated summary for Marileidy Paulino
INFO:__main__:Successfully updated summary for Beatrice Chepkoech
INFO:__main__:Successfully updated summary for Jasmine Camacho-quinn
INFO:__main__:Successfully updated summary for Nicola Olyslagers
INFO:__main__:Successfully updated summary for Valarie Allman
INFO:__main__:Successfully updated summary for Diribe Welteji
INFO:__main__:Successfully updated summary for Ruth Chepngetich
